<?xml version="1.0" encoding="UTF-8"?>
<testsuite name="com.parkinglot.ParkingLotTest" tests="1" skipped="0" failures="0" errors="0" timestamp="2020-05-23T02:27:38" hostname="DESKTOP-196HMRI" time="0.004">
  <properties/>
  <testcase name="givenParkingLot_WhenDriver_ReturnsParkedCar" classname="com.parkinglot.ParkingLotTest" time="0.004"/>
  <system-out><![CDATA[]]></system-out>
  <system-err><![CDATA[]]></system-err>
</testsuite>
