<?xml version="1.0" encoding="UTF-8"?>
<testsuite name="com.parkinglot.ParkingLotTest" tests="1" skipped="0" failures="0" errors="0" timestamp="2020-05-29T02:33:24" hostname="DESKTOP-196HMRI" time="0.04">
  <properties/>
  <testcase name="givenRow_WhenToFindVehicle_ShouldReturnVehicle" classname="com.parkinglot.ParkingLotTest" time="0.04"/>
  <system-out><![CDATA[]]></system-out>
  <system-err><![CDATA[]]></system-err>
</testsuite>
