<?xml version="1.0" encoding="UTF-8"?>
<testsuite name="com.parkinglot.ParkingLotTest" tests="7" skipped="0" failures="0" errors="0" timestamp="2020-05-24T01:33:49" hostname="DESKTOP-196HMRI" time="0.019">
  <properties/>
  <testcase name="givenParkingLot_WhenVacant_InformsOwner" classname="com.parkinglot.ParkingLotTest" time="0.006"/>
  <testcase name="givenCarToPark_WhenLotIsFull_InformsAirportSecurity" classname="com.parkinglot.ParkingLotTest" time="0.003"/>
  <testcase name="givenParkingLot_WhenDriver_ReturnsParkedCar" classname="com.parkinglot.ParkingLotTest" time="0.003"/>
  <testcase name="givenCarToPark_WhenLotIsFull_InformsOwner" classname="com.parkinglot.ParkingLotTest" time="0.0"/>
  <testcase name="givenUnparkedCar_WhenToUnpark_ThrowsException" classname="com.parkinglot.ParkingLotTest" time="0.0"/>
  <testcase name="givenDriver_WhenUnparksCar_ReturnsTrue" classname="com.parkinglot.ParkingLotTest" time="0.0"/>
  <testcase name="givenParkingLot_WhenUnparked_AndHasSpaceAgain_InformsOwner" classname="com.parkinglot.ParkingLotTest" time="0.001"/>
  <system-out><![CDATA[]]></system-out>
  <system-err><![CDATA[]]></system-err>
</testsuite>
