<?xml version="1.0" encoding="UTF-8"?>
<testsuite name="com.parkinglot.ParkingLotTest" tests="12" skipped="0" failures="0" errors="0" timestamp="2020-05-26T01:23:48" hostname="DESKTOP-196HMRI" time="0.091">
  <properties/>
  <testcase name="givenVehicle_WhenToPark_ShouldParkInLot_WithMostEmptySlots" classname="com.parkinglot.ParkingLotTest" time="0.042"/>
  <testcase name="givenCarToPark_WhenLotIsFull_InformsAirportSecurity" classname="com.parkinglot.ParkingLotTest" time="0.013"/>
  <testcase name="givenCarToPark_WhenLotIsFull_InformsOwner" classname="com.parkinglot.ParkingLotTest" time="0.0"/>
  <testcase name="givenUnParkedVehicleToUnPark_WhenInParkingManager_ThrowsException" classname="com.parkinglot.ParkingLotTest" time="0.007"/>
  <testcase name="givenUnparkedCar_WhenToUnpark_ThrowsException" classname="com.parkinglot.ParkingLotTest" time="0.0"/>
  <testcase name="givenParkedVehicle_WhenToPark_InDifferentLot_ThrowsException" classname="com.parkinglot.ParkingLotTest" time="0.001"/>
  <testcase name="givenDriver_WhenUnparksCar_ReturnsTrue" classname="com.parkinglot.ParkingLotTest" time="0.0"/>
  <testcase name="givenVehicle_WhenToPark_ReturnsTrue" classname="com.parkinglot.ParkingLotTest" time="0.002"/>
  <testcase name="givenParkedVehicle_WhenToPark_ThrowsException" classname="com.parkinglot.ParkingLotTest" time="0.001"/>
  <testcase name="givenParkingLot_WhenUnparked_AndHasSpaceAgain_InformsOwner" classname="com.parkinglot.ParkingLotTest" time="0.001"/>
  <testcase name="givenNumberOfLots_WhenLoaded_ReturnsTrue" classname="com.parkinglot.ParkingLotTest" time="0.0"/>
  <testcase name="givenParkedVehicleToUnPark_WhenInParkingManager_ReturnsTrue" classname="com.parkinglot.ParkingLotTest" time="0.006"/>
  <system-out><![CDATA[com.parkinglot.services.ParkingLot@47f012a7
com.parkinglot.services.ParkingLot@3b48fa13
com.parkinglot.services.ParkingLot@1efeaad
com.parkinglot.services.ParkingLot@1efeaad
com.parkinglot.services.ParkingLot@2a8f356d
com.parkinglot.services.ParkingLot@2a8f356d
]]></system-out>
  <system-err><![CDATA[]]></system-err>
</testsuite>
