<?xml version="1.0" encoding="UTF-8"?>
<testsuite name="com.parkinglot.ParkingLotTest" tests="5" skipped="0" failures="0" errors="0" timestamp="2020-05-23T06:30:03" hostname="DESKTOP-196HMRI" time="0.024">
  <properties/>
  <testcase name="givenCarToPark_WhenLotIsFull_ReturnsException" classname="com.parkinglot.ParkingLotTest" time="0.022"/>
  <testcase name="givenParkingLot_WhenDriver_ReturnsParkedCar" classname="com.parkinglot.ParkingLotTest" time="0.0"/>
  <testcase name="givenCarToPark_WhenLotIsFull_InformsOwner" classname="com.parkinglot.ParkingLotTest" time="0.0"/>
  <testcase name="givenUnparkedCar_WhenToUnpark_ReturnsFalse" classname="com.parkinglot.ParkingLotTest" time="0.0"/>
  <testcase name="givenDriver_WhenUnparksCar_ReturnsTrue" classname="com.parkinglot.ParkingLotTest" time="0.0"/>
  <system-out><![CDATA[]]></system-out>
  <system-err><![CDATA[]]></system-err>
</testsuite>
