<?xml version="1.0" encoding="UTF-8"?>
<testsuite name="com.parkinglot.ParkingLotTest" tests="1" skipped="0" failures="0" errors="0" timestamp="2020-05-27T00:49:52" hostname="DESKTOP-196HMRI" time="0.047">
  <properties/>
  <testcase name="givenParkingSystem_WhenParkedAndModifiedHandicapSlot_ShouldWorkFine" classname="com.parkinglot.ParkingLotTest" time="0.047"/>
  <system-out><![CDATA[]]></system-out>
  <system-err><![CDATA[]]></system-err>
</testsuite>
