<?xml version="1.0" encoding="UTF-8"?>
<testsuite name="com.parkinglot.ParkingLotTest" tests="1" skipped="0" failures="0" errors="0" timestamp="2020-05-26T07:42:59" hostname="DESKTOP-196HMRI" time="0.036">
  <properties/>
  <testcase name="givenVehicles_WhenToPark_ShouldParkEvenly" classname="com.parkinglot.ParkingLotTest" time="0.036"/>
  <system-out><![CDATA[]]></system-out>
  <system-err><![CDATA[]]></system-err>
</testsuite>
