<?xml version="1.0" encoding="UTF-8"?>
<testsuite name="com.parkinglot.ParkingLotTest" tests="1" skipped="0" failures="0" errors="0" timestamp="2020-05-28T05:27:31" hostname="DESKTOP-196HMRI" time="0.043">
  <properties/>
  <testcase name="givenUnparkedVehicle_WhenForQuery_ShouldReturnDetailsAboutVehicle" classname="com.parkinglot.ParkingLotTest" time="0.043"/>
  <system-out><![CDATA[]]></system-out>
  <system-err><![CDATA[]]></system-err>
</testsuite>
